Angelscript log opened
Server started logging Angelscript on map 'hl_c04' at: 2023-12-18 21:56:50
ERROR: Cannot load plugins: Error 'FormatError' encountered while parsing list file
Server stopped logging Angelscript at: 2023-12-18 21:57:52
Angelscript log opened
Server started logging Angelscript on map 'hl_c04' at: 2023-12-18 22:01:43
ERROR: d:/svends prsnl/svencoop/scripts/plugins/afbaseexpansions/af2player.as (10, 19) : Identifier 'AFBaseClass' is not a data type in global namespace
ERROR: d:/svends prsnl/svencoop/scripts/plugins/afbaseexpansions/af2entity.as (11, 19) : Identifier 'AFBaseClass' is not a data type in global namespace
ERROR: d:/svends prsnl/svencoop/scripts/plugins/afbaseexpansions/af2fun.as (8, 16) : Identifier 'AFBaseClass' is not a data type in global namespace
ERROR: d:/svends prsnl/svencoop/scripts/plugins/afbaseexpansions/af2eki.as (8, 22) : Identifier 'AFBaseClass' is not a data type in global namespace
ERROR: d:/svends prsnl/svencoop/scripts/plugins/afbaseexpansions/af2menu.as (8, 17) : Identifier 'AFBaseClass' is not a data type in global namespace
ERROR: d:/svends prsnl/svencoop/scripts/plugins/afbaseexpansions/af2player.as (167, 16) : Identifier 'AFBaseArguments' is not a data type in namespace 'AF2Player' or parent
ERROR: d:/svends prsnl/svencoop/scripts/plugins/afbaseexpansions/af2player.as (195, 13) : Identifier 'AFBaseArguments' is not a data type in namespace 'AF2Player' or parent
ERROR: d:/svends prsnl/svencoop/scripts/plugins/afbaseexpansions/af2player.as (253, 14) : Identifier 'AFBaseArguments' is not a data type in namespace 'AF2Player' or parent
ERROR: d:/svends prsnl/svencoop/scripts/plugins/afbaseexpansions/af2player.as (260, 17) : Identifier 'AFBaseArguments' is not a data type in namespace 'AF2Player' or parent
ERROR: d:/svends prsnl/svencoop/scripts/plugins/afbaseexpansions/af2player.as (627, 16) : Identifier 'AFBaseArguments' is not a data type in namespace 'AF2Player' or parent
ERROR: d:/svends prsnl/svencoop/scripts/plugins/afbaseexpansions/af2player.as (644, 14) : Identifier 'AFBaseArguments' is not a data type in namespace 'AF2Player' or parent
ERROR: d:/svends prsnl/svencoop/scripts/plugins/afbaseexpansions/af2player.as (668, 14) : Identifier 'AFBaseArguments' is not a data type in namespace 'AF2Player' or parent
ERROR: d:/svends prsnl/svencoop/scripts/plugins/afbaseexpansions/af2player.as (712, 11) : Identifier 'AFBaseArguments' is not a data type in namespace 'AF2Player' or parent
ERROR: d:/svends prsnl/svencoop/scripts/plugins/afbaseexpansions/af2player.as (755, 14) : Identifier 'AFBaseArguments' is not a data type in namespace 'AF2Player' or parent
ERROR: d:/svends prsnl/svencoop/scripts/plugins/afbaseexpansions/af2player.as (798, 15) : Identifier 'AFBaseArguments' is not a data type in namespace 'AF2Player' or parent
ERROR: d:/svends prsnl/svencoop/scripts/plugins/afbaseexpansions/af2player.as (968, 16) : Identifier 'AFBaseArguments' is not a data type in namespace 'AF2Player' or parent
ERROR: d:/svends prsnl/svencoop/scripts/plugins/afbaseexpansions/af2player.as (1093, 16) : Identifier 'AFBaseArguments' is not a data type in namespace 'AF2Player' or parent
ERROR: d:/svends prsnl/svencoop/scripts/plugins/afbaseexpansions/af2player.as (1108, 17) : Identifier 'AFBaseArguments' is not a data type in namespace 'AF2Player' or parent
ERROR: d:/svends prsnl/svencoop/scripts/plugins/afbaseexpansions/af2player.as (1134, 16) : Identifier 'AFBaseArguments' is not a data type in namespace 'AF2Player' or parent
ERROR: d:/svends prsnl/svencoop/scripts/plugins/afbaseexpansions/af2player.as (1148, 18) : Identifier 'AFBaseArguments' is not a data type in namespace 'AF2Player' or parent
ERROR: d:/svends prsnl/svencoop/scripts/plugins/afbaseexpansions/af2player.as (1163, 16) : Identifier 'AFBaseArguments' is not a data type in namespace 'AF2Player' or parent
ERROR: d:/svends prsnl/svencoop/scripts/plugins/afbaseexpansions/af2player.as (1301, 15) : Identifier 'AFBaseArguments' is not a data type in namespace 'AF2Player' or parent
ERROR: d:/svends prsnl/svencoop/scripts/plugins/afbaseexpansions/af2player.as (1385, 12) : Identifier 'AFBaseArguments' is not a data type in namespace 'AF2Player' or parent
ERROR: d:/svends prsnl/svencoop/scripts/plugins/afbaseexpansions/af2player.as (1413, 16) : Identifier 'AFBaseArguments' is not a data type in namespace 'AF2Player' or parent
ERROR: d:/svends prsnl/svencoop/scripts/plugins/afbaseexpansions/af2player.as (1428, 14) : Identifier 'AFBaseArguments' is not a data type in namespace 'AF2Player' or parent
ERROR: d:/svends prsnl/svencoop/scripts/plugins/afbaseexpansions/af2player.as (1489, 19) : Identifier 'AFBaseArguments' is not a data type in namespace 'AF2Player' or parent
ERROR: d:/svends prsnl/svencoop/scripts/plugins/afbaseexpansions/af2player.as (1508, 20) : Identifier 'AFBaseArguments' is not a data type in namespace 'AF2Player' or parent
ERROR: d:/svends prsnl/svencoop/scripts/plugins/afbaseexpansions/af2player.as (1527, 20) : Identifier 'AFBaseArguments' is not a data type in namespace 'AF2Player' or parent
ERROR: d:/svends prsnl/svencoop/scripts/plugins/afbaseexpansions/af2player.as (1547, 19) : Identifier 'AFBaseArguments' is not a data type in namespace 'AF2Player' or parent
ERROR: d:/svends prsnl/svencoop/scripts/plugins/afbaseexpansions/af2player.as (1571, 16) : Identifier 'AFBaseArguments' is not a data type in namespace 'AF2Player' or parent
ERROR: d:/svends prsnl/svencoop/scripts/plugins/afbaseexpansions/af2entity.as (180, 12) : Identifier 'AFBaseArguments' is not a data type in namespace 'AF2Entity' or parent
ERROR: d:/svends prsnl/svencoop/scripts/plugins/afbaseexpansions/af2entity.as (221, 16) : Identifier 'AFBaseArguments' is not a data type in namespace 'AF2Entity' or parent
ERROR: d:/svends prsnl/svencoop/scripts/plugins/afbaseexpansions/af2entity.as (250, 12) : Identifier 'AFBaseArguments' is not a data type in namespace 'AF2Entity' or parent
ERROR: d:/svends prsnl/svencoop/scripts/plugins/afbaseexpansions/af2entity.as (274, 12) : Identifier 'AFBaseArguments' is not a data type in namespace 'AF2Entity' or parent
ERROR: d:/svends prsnl/svencoop/scripts/plugins/afbaseexpansions/af2entity.as (396, 16) : Identifier 'AFBaseArguments' is not a data type in namespace 'AF2Entity' or parent
ERROR: d:/svends prsnl/svencoop/scripts/plugins/afbaseexpansions/af2entity.as (702, 16) : Identifier 'AFBaseArguments' is not a data type in namespace 'AF2Entity' or parent
ERROR: d:/svends prsnl/svencoop/scripts/plugins/afbaseexpansions/af2entity.as (736, 17) : Identifier 'AFBaseArguments' is not a data type in namespace 'AF2Entity' or parent
ERROR: d:/svends prsnl/svencoop/scripts/plugins/afbaseexpansions/af2entity.as (765, 19) : Identifier 'AFBaseArguments' is not a data type in namespace 'AF2Entity' or parent
ERROR: d:/svends prsnl/svencoop/scripts/plugins/afbaseexpansions/af2entity.as (781, 12) : Identifier 'AFBaseArguments' is not a data type in namespace 'AF2Entity' or parent
ERROR: d:/svends prsnl/svencoop/scripts/plugins/afbaseexpansions/af2entity.as (806, 12) : Identifier 'AFBaseArguments' is not a data type in namespace 'AF2Entity' or parent
ERROR: d:/svends prsnl/svencoop/scripts/plugins/afbaseexpansions/af2entity.as (825, 16) : Identifier 'AFBaseArguments' is not a data type in namespace 'AF2Entity' or parent
ERROR: d:/svends prsnl/svencoop/scripts/plugins/afbaseexpansions/af2entity.as (840, 12) : Identifier 'AFBaseArguments' is not a data type in namespace 'AF2Entity' or parent
ERROR: d:/svends prsnl/svencoop/scripts/plugins/afbaseexpansions/af2entity.as (1090, 21) : Identifier 'AFBaseArguments' is not a data type in namespace 'AF2Entity' or parent
ERROR: d:/svends prsnl/svencoop/scripts/plugins/afbaseexpansions/af2entity.as (1214, 20) : Identifier 'AFBaseArguments' is not a data type in namespace 'AF2Entity' or parent
ERROR: d:/svends prsnl/svencoop/scripts/plugins/afbaseexpansions/af2entity.as (1232, 14) : Identifier 'AFBaseArguments' is not a data type in namespace 'AF2Entity' or parent
ERROR: d:/svends prsnl/svencoop/scripts/plugins/afbaseexpansions/af2entity.as (1306, 17) : Identifier 'AFBaseArguments' is not a data type in namespace 'AF2Entity' or parent
ERROR: d:/svends prsnl/svencoop/scripts/plugins/afbaseexpansions/af2entity.as (1372, 22) : Identifier 'AFBaseArguments' is not a data type in namespace 'AF2Entity' or parent
ERROR: d:/svends prsnl/svencoop/scripts/plugins/afbaseexpansions/af2entity.as (1401, 14) : Identifier 'AFBaseArguments' is not a data type in namespace 'AF2Entity' or parent
ERROR: d:/svends prsnl/svencoop/scripts/plugins/afbaseexpansions/af2entity.as (1593, 20) : Identifier 'AFBaseArguments' is not a data type in namespace 'AF2Entity' or parent
ERROR: d:/svends prsnl/svencoop/scripts/plugins/afbaseexpansions/af2entity.as (1618, 15) : Identifier 'AFBaseArguments' is not a data type in namespace 'AF2Entity' or parent
ERROR: d:/svends prsnl/svencoop/scripts/plugins/afbaseexpansions/af2entity.as (1663, 12) : Identifier 'AFBaseArguments' is not a data type in namespace 'AF2Entity' or parent
ERROR: d:/svends prsnl/svencoop/scripts/plugins/afbaseexpansions/af2entity.as (1708, 21) : Identifier 'AFBaseArguments' is not a data type in namespace 'AF2Entity' or parent
ERROR: d:/svends prsnl/svencoop/scripts/plugins/afbaseexpansions/af2entity.as (1774, 20) : Identifier 'AFBaseArguments' is not a data type in namespace 'AF2Entity' or parent
ERROR: d:/svends prsnl/svencoop/scripts/plugins/afbaseexpansions/af2entity.as (1839, 16) : Identifier 'AFBaseArguments' is not a data type in namespace 'AF2Entity' or parent
ERROR: d:/svends prsnl/svencoop/scripts/plugins/afbaseexpansions/af2entity.as (1890, 14) : Identifier 'AFBaseArguments' is not a data type in namespace 'AF2Entity' or parent
ERROR: d:/svends prsnl/svencoop/scripts/plugins/afbaseexpansions/af2fun.as (35, 11) : Identifier 'AFBaseArguments' is not a data type in namespace 'AF2Fun' or parent
ERROR: d:/svends prsnl/svencoop/scripts/plugins/afbaseexpansions/af2fun.as (76, 16) : Identifier 'AFBaseArguments' is not a data type in namespace 'AF2Fun' or parent
ERROR: d:/svends prsnl/svencoop/scripts/plugins/afbaseexpansions/af2fun.as (96, 19) : Identifier 'AFBaseArguments' is not a data type in namespace 'AF2Fun' or parent
ERROR: d:/svends prsnl/svencoop/scripts/plugins/afbaseexpansions/af2fun.as (109, 19) : Identifier 'AFBaseArguments' is not a data type in namespace 'AF2Fun' or parent
ERROR: d:/svends prsnl/svencoop/scripts/plugins/afbaseexpansions/af2fun.as (121, 20) : Identifier 'AFBaseArguments' is not a data type in namespace 'AF2Fun' or parent
ERROR: d:/svends prsnl/svencoop/scripts/plugins/afbaseexpansions/af2fun.as (141, 15) : Identifier 'AFBaseArguments' is not a data type in namespace 'AF2Fun' or parent
ERROR: d:/svends prsnl/svencoop/scripts/plugins/afbaseexpansions/af2fun.as (156, 15) : Identifier 'AFBaseArguments' is not a data type in namespace 'AF2Fun' or parent
ERROR: d:/svends prsnl/svencoop/scripts/plugins/afbaseexpansions/af2fun.as (170, 12) : Identifier 'AFBaseArguments' is not a data type in namespace 'AF2Fun' or parent
ERROR: d:/svends prsnl/svencoop/scripts/plugins/afbaseexpansions/af2fun.as (191, 13) : Identifier 'AFBaseArguments' is not a data type in namespace 'AF2Fun' or parent
ERROR: d:/svends prsnl/svencoop/scripts/plugins/afbaseexpansions/af2fun.as (199, 13) : Identifier 'AFBaseArguments' is not a data type in namespace 'AF2Fun' or parent
ERROR: d:/svends prsnl/svencoop/scripts/plugins/afbaseexpansions/af2fun.as (226, 13) : Identifier 'AFBaseArguments' is not a data type in namespace 'AF2Fun' or parent
ERROR: d:/svends prsnl/svencoop/scripts/plugins/afbaseexpansions/af2menu.as (221, 15) : Identifier 'AFBaseArguments' is not a data type in namespace 'AF2Menu' or parent
ERROR: Plugin script compilation failed
1 plugin(s) failed compilation
ERROR: trigger_script (targetname: ClassicModeDeluxeTrigger): Function with signature 'void ClassicModeDeluxe::MapInit(CBaseEntity@, CBaseEntity@, USE_TYPE, float)' does not exist!
ERROR: trigger_script (targetname: ClassicModeDeluxeTrigger): Function with signature 'void ClassicModeDeluxe::MapActivate(CBaseEntity@, CBaseEntity@, USE_TYPE, float)' does not exist!
ERROR: trigger_script (targetname: game_playerspawn): Function with signature 'void ClassicModeDeluxe::PlayerSpawn(CBaseEntity@, CBaseEntity@, USE_TYPE, float)' does not exist!
ERROR: trigger_script (targetname: game_playerdie): Function with signature 'void ClassicModeDeluxe::PlayerDie(CBaseEntity@, CBaseEntity@, USE_TYPE, float)' does not exist!
Server stopped logging Angelscript at: 2023-12-18 22:05:39
Angelscript log opened
Server started logging Angelscript on map 'hl_c04' at: 2023-12-18 22:05:40
ERROR: trigger_script (targetname: ClassicModeDeluxeTrigger): Function with signature 'void ClassicModeDeluxe::MapInit(CBaseEntity@, CBaseEntity@, USE_TYPE, float)' does not exist!
ERROR: trigger_script (targetname: ClassicModeDeluxeTrigger): Function with signature 'void ClassicModeDeluxe::MapActivate(CBaseEntity@, CBaseEntity@, USE_TYPE, float)' does not exist!
ERROR: trigger_script (targetname: game_playerspawn): Function with signature 'void ClassicModeDeluxe::PlayerSpawn(CBaseEntity@, CBaseEntity@, USE_TYPE, float)' does not exist!
ERROR: trigger_script (targetname: game_playerdie): Function with signature 'void ClassicModeDeluxe::PlayerDie(CBaseEntity@, CBaseEntity@, USE_TYPE, float)' does not exist!
Server stopped logging Angelscript at: 2023-12-18 22:08:22
Angelscript log opened
Server started logging Angelscript on map 'hl_c04' at: 2023-12-18 22:08:22
ERROR: trigger_script (targetname: ClassicModeDeluxeTrigger): Function with signature 'void ClassicModeDeluxe::MapInit(CBaseEntity@, CBaseEntity@, USE_TYPE, float)' does not exist!
ERROR: trigger_script (targetname: ClassicModeDeluxeTrigger): Function with signature 'void ClassicModeDeluxe::MapActivate(CBaseEntity@, CBaseEntity@, USE_TYPE, float)' does not exist!
ERROR: trigger_script (targetname: game_playerspawn): Function with signature 'void ClassicModeDeluxe::PlayerSpawn(CBaseEntity@, CBaseEntity@, USE_TYPE, float)' does not exist!
ERROR: trigger_script (targetname: game_playerdie): Function with signature 'void ClassicModeDeluxe::PlayerDie(CBaseEntity@, CBaseEntity@, USE_TYPE, float)' does not exist!
Server stopped logging Angelscript at: 2023-12-18 22:09:10
Angelscript log opened
Server started logging Angelscript on map 'hl_c04' at: 2023-12-18 22:15:27
ERROR: d:/svends prsnl/svencoop/scripts/plugins/afbaseexpansions/af2player.as (10, 19) : Identifier 'AFBaseClass' is not a data type in global namespace
ERROR: d:/svends prsnl/svencoop/scripts/plugins/afbaseexpansions/af2entity.as (11, 19) : Identifier 'AFBaseClass' is not a data type in global namespace
ERROR: d:/svends prsnl/svencoop/scripts/plugins/afbaseexpansions/af2fun.as (8, 16) : Identifier 'AFBaseClass' is not a data type in global namespace
ERROR: d:/svends prsnl/svencoop/scripts/plugins/afbaseexpansions/af2eki.as (8, 22) : Identifier 'AFBaseClass' is not a data type in global namespace
ERROR: d:/svends prsnl/svencoop/scripts/plugins/afbaseexpansions/af2menu.as (8, 17) : Identifier 'AFBaseClass' is not a data type in global namespace
ERROR: d:/svends prsnl/svencoop/scripts/plugins/afbaseexpansions/af2player.as (167, 16) : Identifier 'AFBaseArguments' is not a data type in namespace 'AF2Player' or parent
ERROR: d:/svends prsnl/svencoop/scripts/plugins/afbaseexpansions/af2player.as (195, 13) : Identifier 'AFBaseArguments' is not a data type in namespace 'AF2Player' or parent
ERROR: d:/svends prsnl/svencoop/scripts/plugins/afbaseexpansions/af2player.as (253, 14) : Identifier 'AFBaseArguments' is not a data type in namespace 'AF2Player' or parent
ERROR: d:/svends prsnl/svencoop/scripts/plugins/afbaseexpansions/af2player.as (260, 17) : Identifier 'AFBaseArguments' is not a data type in namespace 'AF2Player' or parent
ERROR: d:/svends prsnl/svencoop/scripts/plugins/afbaseexpansions/af2player.as (627, 16) : Identifier 'AFBaseArguments' is not a data type in namespace 'AF2Player' or parent
ERROR: d:/svends prsnl/svencoop/scripts/plugins/afbaseexpansions/af2player.as (644, 14) : Identifier 'AFBaseArguments' is not a data type in namespace 'AF2Player' or parent
ERROR: d:/svends prsnl/svencoop/scripts/plugins/afbaseexpansions/af2player.as (668, 14) : Identifier 'AFBaseArguments' is not a data type in namespace 'AF2Player' or parent
ERROR: d:/svends prsnl/svencoop/scripts/plugins/afbaseexpansions/af2player.as (712, 11) : Identifier 'AFBaseArguments' is not a data type in namespace 'AF2Player' or parent
ERROR: d:/svends prsnl/svencoop/scripts/plugins/afbaseexpansions/af2player.as (755, 14) : Identifier 'AFBaseArguments' is not a data type in namespace 'AF2Player' or parent
ERROR: d:/svends prsnl/svencoop/scripts/plugins/afbaseexpansions/af2player.as (798, 15) : Identifier 'AFBaseArguments' is not a data type in namespace 'AF2Player' or parent
ERROR: d:/svends prsnl/svencoop/scripts/plugins/afbaseexpansions/af2player.as (968, 16) : Identifier 'AFBaseArguments' is not a data type in namespace 'AF2Player' or parent
ERROR: d:/svends prsnl/svencoop/scripts/plugins/afbaseexpansions/af2player.as (1093, 16) : Identifier 'AFBaseArguments' is not a data type in namespace 'AF2Player' or parent
ERROR: d:/svends prsnl/svencoop/scripts/plugins/afbaseexpansions/af2player.as (1108, 17) : Identifier 'AFBaseArguments' is not a data type in namespace 'AF2Player' or parent
ERROR: d:/svends prsnl/svencoop/scripts/plugins/afbaseexpansions/af2player.as (1134, 16) : Identifier 'AFBaseArguments' is not a data type in namespace 'AF2Player' or parent
ERROR: d:/svends prsnl/svencoop/scripts/plugins/afbaseexpansions/af2player.as (1148, 18) : Identifier 'AFBaseArguments' is not a data type in namespace 'AF2Player' or parent
ERROR: d:/svends prsnl/svencoop/scripts/plugins/afbaseexpansions/af2player.as (1163, 16) : Identifier 'AFBaseArguments' is not a data type in namespace 'AF2Player' or parent
ERROR: d:/svends prsnl/svencoop/scripts/plugins/afbaseexpansions/af2player.as (1301, 15) : Identifier 'AFBaseArguments' is not a data type in namespace 'AF2Player' or parent
ERROR: d:/svends prsnl/svencoop/scripts/plugins/afbaseexpansions/af2player.as (1385, 12) : Identifier 'AFBaseArguments' is not a data type in namespace 'AF2Player' or parent
ERROR: d:/svends prsnl/svencoop/scripts/plugins/afbaseexpansions/af2player.as (1413, 16) : Identifier 'AFBaseArguments' is not a data type in namespace 'AF2Player' or parent
ERROR: d:/svends prsnl/svencoop/scripts/plugins/afbaseexpansions/af2player.as (1428, 14) : Identifier 'AFBaseArguments' is not a data type in namespace 'AF2Player' or parent
ERROR: d:/svends prsnl/svencoop/scripts/plugins/afbaseexpansions/af2player.as (1489, 19) : Identifier 'AFBaseArguments' is not a data type in namespace 'AF2Player' or parent
ERROR: d:/svends prsnl/svencoop/scripts/plugins/afbaseexpansions/af2player.as (1508, 20) : Identifier 'AFBaseArguments' is not a data type in namespace 'AF2Player' or parent
ERROR: d:/svends prsnl/svencoop/scripts/plugins/afbaseexpansions/af2player.as (1527, 20) : Identifier 'AFBaseArguments' is not a data type in namespace 'AF2Player' or parent
ERROR: d:/svends prsnl/svencoop/scripts/plugins/afbaseexpansions/af2player.as (1547, 19) : Identifier 'AFBaseArguments' is not a data type in namespace 'AF2Player' or parent
ERROR: d:/svends prsnl/svencoop/scripts/plugins/afbaseexpansions/af2player.as (1571, 16) : Identifier 'AFBaseArguments' is not a data type in namespace 'AF2Player' or parent
ERROR: d:/svends prsnl/svencoop/scripts/plugins/afbaseexpansions/af2entity.as (180, 12) : Identifier 'AFBaseArguments' is not a data type in namespace 'AF2Entity' or parent
ERROR: d:/svends prsnl/svencoop/scripts/plugins/afbaseexpansions/af2entity.as (221, 16) : Identifier 'AFBaseArguments' is not a data type in namespace 'AF2Entity' or parent
ERROR: d:/svends prsnl/svencoop/scripts/plugins/afbaseexpansions/af2entity.as (250, 12) : Identifier 'AFBaseArguments' is not a data type in namespace 'AF2Entity' or parent
ERROR: d:/svends prsnl/svencoop/scripts/plugins/afbaseexpansions/af2entity.as (274, 12) : Identifier 'AFBaseArguments' is not a data type in namespace 'AF2Entity' or parent
ERROR: d:/svends prsnl/svencoop/scripts/plugins/afbaseexpansions/af2entity.as (396, 16) : Identifier 'AFBaseArguments' is not a data type in namespace 'AF2Entity' or parent
ERROR: d:/svends prsnl/svencoop/scripts/plugins/afbaseexpansions/af2entity.as (702, 16) : Identifier 'AFBaseArguments' is not a data type in namespace 'AF2Entity' or parent
ERROR: d:/svends prsnl/svencoop/scripts/plugins/afbaseexpansions/af2entity.as (736, 17) : Identifier 'AFBaseArguments' is not a data type in namespace 'AF2Entity' or parent
ERROR: d:/svends prsnl/svencoop/scripts/plugins/afbaseexpansions/af2entity.as (765, 19) : Identifier 'AFBaseArguments' is not a data type in namespace 'AF2Entity' or parent
ERROR: d:/svends prsnl/svencoop/scripts/plugins/afbaseexpansions/af2entity.as (781, 12) : Identifier 'AFBaseArguments' is not a data type in namespace 'AF2Entity' or parent
ERROR: d:/svends prsnl/svencoop/scripts/plugins/afbaseexpansions/af2entity.as (806, 12) : Identifier 'AFBaseArguments' is not a data type in namespace 'AF2Entity' or parent
ERROR: d:/svends prsnl/svencoop/scripts/plugins/afbaseexpansions/af2entity.as (825, 16) : Identifier 'AFBaseArguments' is not a data type in namespace 'AF2Entity' or parent
ERROR: d:/svends prsnl/svencoop/scripts/plugins/afbaseexpansions/af2entity.as (840, 12) : Identifier 'AFBaseArguments' is not a data type in namespace 'AF2Entity' or parent
ERROR: d:/svends prsnl/svencoop/scripts/plugins/afbaseexpansions/af2entity.as (1090, 21) : Identifier 'AFBaseArguments' is not a data type in namespace 'AF2Entity' or parent
ERROR: d:/svends prsnl/svencoop/scripts/plugins/afbaseexpansions/af2entity.as (1214, 20) : Identifier 'AFBaseArguments' is not a data type in namespace 'AF2Entity' or parent
ERROR: d:/svends prsnl/svencoop/scripts/plugins/afbaseexpansions/af2entity.as (1232, 14) : Identifier 'AFBaseArguments' is not a data type in namespace 'AF2Entity' or parent
ERROR: d:/svends prsnl/svencoop/scripts/plugins/afbaseexpansions/af2entity.as (1306, 17) : Identifier 'AFBaseArguments' is not a data type in namespace 'AF2Entity' or parent
ERROR: d:/svends prsnl/svencoop/scripts/plugins/afbaseexpansions/af2entity.as (1372, 22) : Identifier 'AFBaseArguments' is not a data type in namespace 'AF2Entity' or parent
ERROR: d:/svends prsnl/svencoop/scripts/plugins/afbaseexpansions/af2entity.as (1401, 14) : Identifier 'AFBaseArguments' is not a data type in namespace 'AF2Entity' or parent
ERROR: d:/svends prsnl/svencoop/scripts/plugins/afbaseexpansions/af2entity.as (1593, 20) : Identifier 'AFBaseArguments' is not a data type in namespace 'AF2Entity' or parent
ERROR: d:/svends prsnl/svencoop/scripts/plugins/afbaseexpansions/af2entity.as (1618, 15) : Identifier 'AFBaseArguments' is not a data type in namespace 'AF2Entity' or parent
ERROR: d:/svends prsnl/svencoop/scripts/plugins/afbaseexpansions/af2entity.as (1663, 12) : Identifier 'AFBaseArguments' is not a data type in namespace 'AF2Entity' or parent
ERROR: d:/svends prsnl/svencoop/scripts/plugins/afbaseexpansions/af2entity.as (1708, 21) : Identifier 'AFBaseArguments' is not a data type in namespace 'AF2Entity' or parent
ERROR: d:/svends prsnl/svencoop/scripts/plugins/afbaseexpansions/af2entity.as (1774, 20) : Identifier 'AFBaseArguments' is not a data type in namespace 'AF2Entity' or parent
ERROR: d:/svends prsnl/svencoop/scripts/plugins/afbaseexpansions/af2entity.as (1839, 16) : Identifier 'AFBaseArguments' is not a data type in namespace 'AF2Entity' or parent
ERROR: d:/svends prsnl/svencoop/scripts/plugins/afbaseexpansions/af2entity.as (1890, 14) : Identifier 'AFBaseArguments' is not a data type in namespace 'AF2Entity' or parent
ERROR: d:/svends prsnl/svencoop/scripts/plugins/afbaseexpansions/af2fun.as (35, 11) : Identifier 'AFBaseArguments' is not a data type in namespace 'AF2Fun' or parent
ERROR: d:/svends prsnl/svencoop/scripts/plugins/afbaseexpansions/af2fun.as (76, 16) : Identifier 'AFBaseArguments' is not a data type in namespace 'AF2Fun' or parent
ERROR: d:/svends prsnl/svencoop/scripts/plugins/afbaseexpansions/af2fun.as (96, 19) : Identifier 'AFBaseArguments' is not a data type in namespace 'AF2Fun' or parent
ERROR: d:/svends prsnl/svencoop/scripts/plugins/afbaseexpansions/af2fun.as (109, 19) : Identifier 'AFBaseArguments' is not a data type in namespace 'AF2Fun' or parent
ERROR: d:/svends prsnl/svencoop/scripts/plugins/afbaseexpansions/af2fun.as (121, 20) : Identifier 'AFBaseArguments' is not a data type in namespace 'AF2Fun' or parent
ERROR: d:/svends prsnl/svencoop/scripts/plugins/afbaseexpansions/af2fun.as (141, 15) : Identifier 'AFBaseArguments' is not a data type in namespace 'AF2Fun' or parent
ERROR: d:/svends prsnl/svencoop/scripts/plugins/afbaseexpansions/af2fun.as (156, 15) : Identifier 'AFBaseArguments' is not a data type in namespace 'AF2Fun' or parent
ERROR: d:/svends prsnl/svencoop/scripts/plugins/afbaseexpansions/af2fun.as (170, 12) : Identifier 'AFBaseArguments' is not a data type in namespace 'AF2Fun' or parent
ERROR: d:/svends prsnl/svencoop/scripts/plugins/afbaseexpansions/af2fun.as (191, 13) : Identifier 'AFBaseArguments' is not a data type in namespace 'AF2Fun' or parent
ERROR: d:/svends prsnl/svencoop/scripts/plugins/afbaseexpansions/af2fun.as (199, 13) : Identifier 'AFBaseArguments' is not a data type in namespace 'AF2Fun' or parent
ERROR: d:/svends prsnl/svencoop/scripts/plugins/afbaseexpansions/af2fun.as (226, 13) : Identifier 'AFBaseArguments' is not a data type in namespace 'AF2Fun' or parent
ERROR: d:/svends prsnl/svencoop/scripts/plugins/afbaseexpansions/af2menu.as (221, 15) : Identifier 'AFBaseArguments' is not a data type in namespace 'AF2Menu' or parent
ERROR: Plugin script compilation failed
1 plugin(s) failed compilation
Server stopped logging Angelscript at: 2023-12-18 22:15:34
Angelscript log opened
Server started logging Angelscript on map 'hl_c06' at: 2023-12-18 22:43:04
ERROR: d:/svends prsnl/svencoop/scripts/plugins/afbaseexpansions/af2player.as (10, 19) : Identifier 'AFBaseClass' is not a data type in global namespace
ERROR: d:/svends prsnl/svencoop/scripts/plugins/afbaseexpansions/af2entity.as (11, 19) : Identifier 'AFBaseClass' is not a data type in global namespace
ERROR: d:/svends prsnl/svencoop/scripts/plugins/afbaseexpansions/af2fun.as (8, 16) : Identifier 'AFBaseClass' is not a data type in global namespace
ERROR: d:/svends prsnl/svencoop/scripts/plugins/afbaseexpansions/af2eki.as (8, 22) : Identifier 'AFBaseClass' is not a data type in global namespace
ERROR: d:/svends prsnl/svencoop/scripts/plugins/afbaseexpansions/af2menu.as (8, 17) : Identifier 'AFBaseClass' is not a data type in global namespace
ERROR: d:/svends prsnl/svencoop/scripts/plugins/afbaseexpansions/af2player.as (167, 16) : Identifier 'AFBaseArguments' is not a data type in namespace 'AF2Player' or parent
ERROR: d:/svends prsnl/svencoop/scripts/plugins/afbaseexpansions/af2player.as (195, 13) : Identifier 'AFBaseArguments' is not a data type in namespace 'AF2Player' or parent
ERROR: d:/svends prsnl/svencoop/scripts/plugins/afbaseexpansions/af2player.as (253, 14) : Identifier 'AFBaseArguments' is not a data type in namespace 'AF2Player' or parent
ERROR: d:/svends prsnl/svencoop/scripts/plugins/afbaseexpansions/af2player.as (260, 17) : Identifier 'AFBaseArguments' is not a data type in namespace 'AF2Player' or parent
ERROR: d:/svends prsnl/svencoop/scripts/plugins/afbaseexpansions/af2player.as (627, 16) : Identifier 'AFBaseArguments' is not a data type in namespace 'AF2Player' or parent
ERROR: d:/svends prsnl/svencoop/scripts/plugins/afbaseexpansions/af2player.as (644, 14) : Identifier 'AFBaseArguments' is not a data type in namespace 'AF2Player' or parent
ERROR: d:/svends prsnl/svencoop/scripts/plugins/afbaseexpansions/af2player.as (668, 14) : Identifier 'AFBaseArguments' is not a data type in namespace 'AF2Player' or parent
ERROR: d:/svends prsnl/svencoop/scripts/plugins/afbaseexpansions/af2player.as (712, 11) : Identifier 'AFBaseArguments' is not a data type in namespace 'AF2Player' or parent
ERROR: d:/svends prsnl/svencoop/scripts/plugins/afbaseexpansions/af2player.as (755, 14) : Identifier 'AFBaseArguments' is not a data type in namespace 'AF2Player' or parent
ERROR: d:/svends prsnl/svencoop/scripts/plugins/afbaseexpansions/af2player.as (798, 15) : Identifier 'AFBaseArguments' is not a data type in namespace 'AF2Player' or parent
ERROR: d:/svends prsnl/svencoop/scripts/plugins/afbaseexpansions/af2player.as (968, 16) : Identifier 'AFBaseArguments' is not a data type in namespace 'AF2Player' or parent
ERROR: d:/svends prsnl/svencoop/scripts/plugins/afbaseexpansions/af2player.as (1093, 16) : Identifier 'AFBaseArguments' is not a data type in namespace 'AF2Player' or parent
ERROR: d:/svends prsnl/svencoop/scripts/plugins/afbaseexpansions/af2player.as (1108, 17) : Identifier 'AFBaseArguments' is not a data type in namespace 'AF2Player' or parent
ERROR: d:/svends prsnl/svencoop/scripts/plugins/afbaseexpansions/af2player.as (1134, 16) : Identifier 'AFBaseArguments' is not a data type in namespace 'AF2Player' or parent
ERROR: d:/svends prsnl/svencoop/scripts/plugins/afbaseexpansions/af2player.as (1148, 18) : Identifier 'AFBaseArguments' is not a data type in namespace 'AF2Player' or parent
ERROR: d:/svends prsnl/svencoop/scripts/plugins/afbaseexpansions/af2player.as (1163, 16) : Identifier 'AFBaseArguments' is not a data type in namespace 'AF2Player' or parent
ERROR: d:/svends prsnl/svencoop/scripts/plugins/afbaseexpansions/af2player.as (1301, 15) : Identifier 'AFBaseArguments' is not a data type in namespace 'AF2Player' or parent
ERROR: d:/svends prsnl/svencoop/scripts/plugins/afbaseexpansions/af2player.as (1385, 12) : Identifier 'AFBaseArguments' is not a data type in namespace 'AF2Player' or parent
ERROR: d:/svends prsnl/svencoop/scripts/plugins/afbaseexpansions/af2player.as (1413, 16) : Identifier 'AFBaseArguments' is not a data type in namespace 'AF2Player' or parent
ERROR: d:/svends prsnl/svencoop/scripts/plugins/afbaseexpansions/af2player.as (1428, 14) : Identifier 'AFBaseArguments' is not a data type in namespace 'AF2Player' or parent
ERROR: d:/svends prsnl/svencoop/scripts/plugins/afbaseexpansions/af2player.as (1489, 19) : Identifier 'AFBaseArguments' is not a data type in namespace 'AF2Player' or parent
ERROR: d:/svends prsnl/svencoop/scripts/plugins/afbaseexpansions/af2player.as (1508, 20) : Identifier 'AFBaseArguments' is not a data type in namespace 'AF2Player' or parent
ERROR: d:/svends prsnl/svencoop/scripts/plugins/afbaseexpansions/af2player.as (1527, 20) : Identifier 'AFBaseArguments' is not a data type in namespace 'AF2Player' or parent
ERROR: d:/svends prsnl/svencoop/scripts/plugins/afbaseexpansions/af2player.as (1547, 19) : Identifier 'AFBaseArguments' is not a data type in namespace 'AF2Player' or parent
ERROR: d:/svends prsnl/svencoop/scripts/plugins/afbaseexpansions/af2player.as (1571, 16) : Identifier 'AFBaseArguments' is not a data type in namespace 'AF2Player' or parent
ERROR: d:/svends prsnl/svencoop/scripts/plugins/afbaseexpansions/af2entity.as (180, 12) : Identifier 'AFBaseArguments' is not a data type in namespace 'AF2Entity' or parent
ERROR: d:/svends prsnl/svencoop/scripts/plugins/afbaseexpansions/af2entity.as (221, 16) : Identifier 'AFBaseArguments' is not a data type in namespace 'AF2Entity' or parent
ERROR: d:/svends prsnl/svencoop/scripts/plugins/afbaseexpansions/af2entity.as (250, 12) : Identifier 'AFBaseArguments' is not a data type in namespace 'AF2Entity' or parent
ERROR: d:/svends prsnl/svencoop/scripts/plugins/afbaseexpansions/af2entity.as (274, 12) : Identifier 'AFBaseArguments' is not a data type in namespace 'AF2Entity' or parent
ERROR: d:/svends prsnl/svencoop/scripts/plugins/afbaseexpansions/af2entity.as (396, 16) : Identifier 'AFBaseArguments' is not a data type in namespace 'AF2Entity' or parent
ERROR: d:/svends prsnl/svencoop/scripts/plugins/afbaseexpansions/af2entity.as (702, 16) : Identifier 'AFBaseArguments' is not a data type in namespace 'AF2Entity' or parent
ERROR: d:/svends prsnl/svencoop/scripts/plugins/afbaseexpansions/af2entity.as (736, 17) : Identifier 'AFBaseArguments' is not a data type in namespace 'AF2Entity' or parent
ERROR: d:/svends prsnl/svencoop/scripts/plugins/afbaseexpansions/af2entity.as (765, 19) : Identifier 'AFBaseArguments' is not a data type in namespace 'AF2Entity' or parent
ERROR: d:/svends prsnl/svencoop/scripts/plugins/afbaseexpansions/af2entity.as (781, 12) : Identifier 'AFBaseArguments' is not a data type in namespace 'AF2Entity' or parent
ERROR: d:/svends prsnl/svencoop/scripts/plugins/afbaseexpansions/af2entity.as (806, 12) : Identifier 'AFBaseArguments' is not a data type in namespace 'AF2Entity' or parent
ERROR: d:/svends prsnl/svencoop/scripts/plugins/afbaseexpansions/af2entity.as (825, 16) : Identifier 'AFBaseArguments' is not a data type in namespace 'AF2Entity' or parent
ERROR: d:/svends prsnl/svencoop/scripts/plugins/afbaseexpansions/af2entity.as (840, 12) : Identifier 'AFBaseArguments' is not a data type in namespace 'AF2Entity' or parent
ERROR: d:/svends prsnl/svencoop/scripts/plugins/afbaseexpansions/af2entity.as (1090, 21) : Identifier 'AFBaseArguments' is not a data type in namespace 'AF2Entity' or parent
ERROR: d:/svends prsnl/svencoop/scripts/plugins/afbaseexpansions/af2entity.as (1214, 20) : Identifier 'AFBaseArguments' is not a data type in namespace 'AF2Entity' or parent
ERROR: d:/svends prsnl/svencoop/scripts/plugins/afbaseexpansions/af2entity.as (1232, 14) : Identifier 'AFBaseArguments' is not a data type in namespace 'AF2Entity' or parent
ERROR: d:/svends prsnl/svencoop/scripts/plugins/afbaseexpansions/af2entity.as (1306, 17) : Identifier 'AFBaseArguments' is not a data type in namespace 'AF2Entity' or parent
ERROR: d:/svends prsnl/svencoop/scripts/plugins/afbaseexpansions/af2entity.as (1372, 22) : Identifier 'AFBaseArguments' is not a data type in namespace 'AF2Entity' or parent
ERROR: d:/svends prsnl/svencoop/scripts/plugins/afbaseexpansions/af2entity.as (1401, 14) : Identifier 'AFBaseArguments' is not a data type in namespace 'AF2Entity' or parent
ERROR: d:/svends prsnl/svencoop/scripts/plugins/afbaseexpansions/af2entity.as (1593, 20) : Identifier 'AFBaseArguments' is not a data type in namespace 'AF2Entity' or parent
ERROR: d:/svends prsnl/svencoop/scripts/plugins/afbaseexpansions/af2entity.as (1618, 15) : Identifier 'AFBaseArguments' is not a data type in namespace 'AF2Entity' or parent
ERROR: d:/svends prsnl/svencoop/scripts/plugins/afbaseexpansions/af2entity.as (1663, 12) : Identifier 'AFBaseArguments' is not a data type in namespace 'AF2Entity' or parent
ERROR: d:/svends prsnl/svencoop/scripts/plugins/afbaseexpansions/af2entity.as (1708, 21) : Identifier 'AFBaseArguments' is not a data type in namespace 'AF2Entity' or parent
ERROR: d:/svends prsnl/svencoop/scripts/plugins/afbaseexpansions/af2entity.as (1774, 20) : Identifier 'AFBaseArguments' is not a data type in namespace 'AF2Entity' or parent
ERROR: d:/svends prsnl/svencoop/scripts/plugins/afbaseexpansions/af2entity.as (1839, 16) : Identifier 'AFBaseArguments' is not a data type in namespace 'AF2Entity' or parent
ERROR: d:/svends prsnl/svencoop/scripts/plugins/afbaseexpansions/af2entity.as (1890, 14) : Identifier 'AFBaseArguments' is not a data type in namespace 'AF2Entity' or parent
ERROR: d:/svends prsnl/svencoop/scripts/plugins/afbaseexpansions/af2fun.as (35, 11) : Identifier 'AFBaseArguments' is not a data type in namespace 'AF2Fun' or parent
ERROR: d:/svends prsnl/svencoop/scripts/plugins/afbaseexpansions/af2fun.as (76, 16) : Identifier 'AFBaseArguments' is not a data type in namespace 'AF2Fun' or parent
ERROR: d:/svends prsnl/svencoop/scripts/plugins/afbaseexpansions/af2fun.as (96, 19) : Identifier 'AFBaseArguments' is not a data type in namespace 'AF2Fun' or parent
ERROR: d:/svends prsnl/svencoop/scripts/plugins/afbaseexpansions/af2fun.as (109, 19) : Identifier 'AFBaseArguments' is not a data type in namespace 'AF2Fun' or parent
ERROR: d:/svends prsnl/svencoop/scripts/plugins/afbaseexpansions/af2fun.as (121, 20) : Identifier 'AFBaseArguments' is not a data type in namespace 'AF2Fun' or parent
ERROR: d:/svends prsnl/svencoop/scripts/plugins/afbaseexpansions/af2fun.as (141, 15) : Identifier 'AFBaseArguments' is not a data type in namespace 'AF2Fun' or parent
ERROR: d:/svends prsnl/svencoop/scripts/plugins/afbaseexpansions/af2fun.as (156, 15) : Identifier 'AFBaseArguments' is not a data type in namespace 'AF2Fun' or parent
ERROR: d:/svends prsnl/svencoop/scripts/plugins/afbaseexpansions/af2fun.as (170, 12) : Identifier 'AFBaseArguments' is not a data type in namespace 'AF2Fun' or parent
ERROR: d:/svends prsnl/svencoop/scripts/plugins/afbaseexpansions/af2fun.as (191, 13) : Identifier 'AFBaseArguments' is not a data type in namespace 'AF2Fun' or parent
ERROR: d:/svends prsnl/svencoop/scripts/plugins/afbaseexpansions/af2fun.as (199, 13) : Identifier 'AFBaseArguments' is not a data type in namespace 'AF2Fun' or parent
ERROR: d:/svends prsnl/svencoop/scripts/plugins/afbaseexpansions/af2fun.as (226, 13) : Identifier 'AFBaseArguments' is not a data type in namespace 'AF2Fun' or parent
ERROR: d:/svends prsnl/svencoop/scripts/plugins/afbaseexpansions/af2menu.as (221, 15) : Identifier 'AFBaseArguments' is not a data type in namespace 'AF2Menu' or parent
ERROR: Plugin script compilation failed
1 plugin(s) failed compilation
Server stopped logging Angelscript at: 2023-12-18 22:43:10
Angelscript log opened
Server started logging Angelscript on map 'hl_c06' at: 2023-12-18 22:43:57
ERROR: d:/svends prsnl/svencoop/scripts/plugins/afbaseexpansions/af2player.as (10, 19) : Identifier 'AFBaseClass' is not a data type in global namespace
ERROR: d:/svends prsnl/svencoop/scripts/plugins/afbaseexpansions/af2entity.as (11, 19) : Identifier 'AFBaseClass' is not a data type in global namespace
ERROR: d:/svends prsnl/svencoop/scripts/plugins/afbaseexpansions/af2fun.as (8, 16) : Identifier 'AFBaseClass' is not a data type in global namespace
ERROR: d:/svends prsnl/svencoop/scripts/plugins/afbaseexpansions/af2eki.as (8, 22) : Identifier 'AFBaseClass' is not a data type in global namespace
ERROR: d:/svends prsnl/svencoop/scripts/plugins/afbaseexpansions/af2menu.as (8, 17) : Identifier 'AFBaseClass' is not a data type in global namespace
ERROR: d:/svends prsnl/svencoop/scripts/plugins/afbaseexpansions/af2player.as (167, 16) : Identifier 'AFBaseArguments' is not a data type in namespace 'AF2Player' or parent
ERROR: d:/svends prsnl/svencoop/scripts/plugins/afbaseexpansions/af2player.as (195, 13) : Identifier 'AFBaseArguments' is not a data type in namespace 'AF2Player' or parent
ERROR: d:/svends prsnl/svencoop/scripts/plugins/afbaseexpansions/af2player.as (253, 14) : Identifier 'AFBaseArguments' is not a data type in namespace 'AF2Player' or parent
ERROR: d:/svends prsnl/svencoop/scripts/plugins/afbaseexpansions/af2player.as (260, 17) : Identifier 'AFBaseArguments' is not a data type in namespace 'AF2Player' or parent
ERROR: d:/svends prsnl/svencoop/scripts/plugins/afbaseexpansions/af2player.as (627, 16) : Identifier 'AFBaseArguments' is not a data type in namespace 'AF2Player' or parent
ERROR: d:/svends prsnl/svencoop/scripts/plugins/afbaseexpansions/af2player.as (644, 14) : Identifier 'AFBaseArguments' is not a data type in namespace 'AF2Player' or parent
ERROR: d:/svends prsnl/svencoop/scripts/plugins/afbaseexpansions/af2player.as (668, 14) : Identifier 'AFBaseArguments' is not a data type in namespace 'AF2Player' or parent
ERROR: d:/svends prsnl/svencoop/scripts/plugins/afbaseexpansions/af2player.as (712, 11) : Identifier 'AFBaseArguments' is not a data type in namespace 'AF2Player' or parent
ERROR: d:/svends prsnl/svencoop/scripts/plugins/afbaseexpansions/af2player.as (755, 14) : Identifier 'AFBaseArguments' is not a data type in namespace 'AF2Player' or parent
ERROR: d:/svends prsnl/svencoop/scripts/plugins/afbaseexpansions/af2player.as (798, 15) : Identifier 'AFBaseArguments' is not a data type in namespace 'AF2Player' or parent
ERROR: d:/svends prsnl/svencoop/scripts/plugins/afbaseexpansions/af2player.as (968, 16) : Identifier 'AFBaseArguments' is not a data type in namespace 'AF2Player' or parent
ERROR: d:/svends prsnl/svencoop/scripts/plugins/afbaseexpansions/af2player.as (1093, 16) : Identifier 'AFBaseArguments' is not a data type in namespace 'AF2Player' or parent
ERROR: d:/svends prsnl/svencoop/scripts/plugins/afbaseexpansions/af2player.as (1108, 17) : Identifier 'AFBaseArguments' is not a data type in namespace 'AF2Player' or parent
ERROR: d:/svends prsnl/svencoop/scripts/plugins/afbaseexpansions/af2player.as (1134, 16) : Identifier 'AFBaseArguments' is not a data type in namespace 'AF2Player' or parent
ERROR: d:/svends prsnl/svencoop/scripts/plugins/afbaseexpansions/af2player.as (1148, 18) : Identifier 'AFBaseArguments' is not a data type in namespace 'AF2Player' or parent
ERROR: d:/svends prsnl/svencoop/scripts/plugins/afbaseexpansions/af2player.as (1163, 16) : Identifier 'AFBaseArguments' is not a data type in namespace 'AF2Player' or parent
ERROR: d:/svends prsnl/svencoop/scripts/plugins/afbaseexpansions/af2player.as (1301, 15) : Identifier 'AFBaseArguments' is not a data type in namespace 'AF2Player' or parent
ERROR: d:/svends prsnl/svencoop/scripts/plugins/afbaseexpansions/af2player.as (1385, 12) : Identifier 'AFBaseArguments' is not a data type in namespace 'AF2Player' or parent
ERROR: d:/svends prsnl/svencoop/scripts/plugins/afbaseexpansions/af2player.as (1413, 16) : Identifier 'AFBaseArguments' is not a data type in namespace 'AF2Player' or parent
ERROR: d:/svends prsnl/svencoop/scripts/plugins/afbaseexpansions/af2player.as (1428, 14) : Identifier 'AFBaseArguments' is not a data type in namespace 'AF2Player' or parent
ERROR: d:/svends prsnl/svencoop/scripts/plugins/afbaseexpansions/af2player.as (1489, 19) : Identifier 'AFBaseArguments' is not a data type in namespace 'AF2Player' or parent
ERROR: d:/svends prsnl/svencoop/scripts/plugins/afbaseexpansions/af2player.as (1508, 20) : Identifier 'AFBaseArguments' is not a data type in namespace 'AF2Player' or parent
ERROR: d:/svends prsnl/svencoop/scripts/plugins/afbaseexpansions/af2player.as (1527, 20) : Identifier 'AFBaseArguments' is not a data type in namespace 'AF2Player' or parent
ERROR: d:/svends prsnl/svencoop/scripts/plugins/afbaseexpansions/af2player.as (1547, 19) : Identifier 'AFBaseArguments' is not a data type in namespace 'AF2Player' or parent
ERROR: d:/svends prsnl/svencoop/scripts/plugins/afbaseexpansions/af2player.as (1571, 16) : Identifier 'AFBaseArguments' is not a data type in namespace 'AF2Player' or parent
ERROR: d:/svends prsnl/svencoop/scripts/plugins/afbaseexpansions/af2entity.as (180, 12) : Identifier 'AFBaseArguments' is not a data type in namespace 'AF2Entity' or parent
ERROR: d:/svends prsnl/svencoop/scripts/plugins/afbaseexpansions/af2entity.as (221, 16) : Identifier 'AFBaseArguments' is not a data type in namespace 'AF2Entity' or parent
ERROR: d:/svends prsnl/svencoop/scripts/plugins/afbaseexpansions/af2entity.as (250, 12) : Identifier 'AFBaseArguments' is not a data type in namespace 'AF2Entity' or parent
ERROR: d:/svends prsnl/svencoop/scripts/plugins/afbaseexpansions/af2entity.as (274, 12) : Identifier 'AFBaseArguments' is not a data type in namespace 'AF2Entity' or parent
ERROR: d:/svends prsnl/svencoop/scripts/plugins/afbaseexpansions/af2entity.as (396, 16) : Identifier 'AFBaseArguments' is not a data type in namespace 'AF2Entity' or parent
ERROR: d:/svends prsnl/svencoop/scripts/plugins/afbaseexpansions/af2entity.as (702, 16) : Identifier 'AFBaseArguments' is not a data type in namespace 'AF2Entity' or parent
ERROR: d:/svends prsnl/svencoop/scripts/plugins/afbaseexpansions/af2entity.as (736, 17) : Identifier 'AFBaseArguments' is not a data type in namespace 'AF2Entity' or parent
ERROR: d:/svends prsnl/svencoop/scripts/plugins/afbaseexpansions/af2entity.as (765, 19) : Identifier 'AFBaseArguments' is not a data type in namespace 'AF2Entity' or parent
ERROR: d:/svends prsnl/svencoop/scripts/plugins/afbaseexpansions/af2entity.as (781, 12) : Identifier 'AFBaseArguments' is not a data type in namespace 'AF2Entity' or parent
ERROR: d:/svends prsnl/svencoop/scripts/plugins/afbaseexpansions/af2entity.as (806, 12) : Identifier 'AFBaseArguments' is not a data type in namespace 'AF2Entity' or parent
ERROR: d:/svends prsnl/svencoop/scripts/plugins/afbaseexpansions/af2entity.as (825, 16) : Identifier 'AFBaseArguments' is not a data type in namespace 'AF2Entity' or parent
ERROR: d:/svends prsnl/svencoop/scripts/plugins/afbaseexpansions/af2entity.as (840, 12) : Identifier 'AFBaseArguments' is not a data type in namespace 'AF2Entity' or parent
ERROR: d:/svends prsnl/svencoop/scripts/plugins/afbaseexpansions/af2entity.as (1090, 21) : Identifier 'AFBaseArguments' is not a data type in namespace 'AF2Entity' or parent
ERROR: d:/svends prsnl/svencoop/scripts/plugins/afbaseexpansions/af2entity.as (1214, 20) : Identifier 'AFBaseArguments' is not a data type in namespace 'AF2Entity' or parent
ERROR: d:/svends prsnl/svencoop/scripts/plugins/afbaseexpansions/af2entity.as (1232, 14) : Identifier 'AFBaseArguments' is not a data type in namespace 'AF2Entity' or parent
ERROR: d:/svends prsnl/svencoop/scripts/plugins/afbaseexpansions/af2entity.as (1306, 17) : Identifier 'AFBaseArguments' is not a data type in namespace 'AF2Entity' or parent
ERROR: d:/svends prsnl/svencoop/scripts/plugins/afbaseexpansions/af2entity.as (1372, 22) : Identifier 'AFBaseArguments' is not a data type in namespace 'AF2Entity' or parent
ERROR: d:/svends prsnl/svencoop/scripts/plugins/afbaseexpansions/af2entity.as (1401, 14) : Identifier 'AFBaseArguments' is not a data type in namespace 'AF2Entity' or parent
ERROR: d:/svends prsnl/svencoop/scripts/plugins/afbaseexpansions/af2entity.as (1593, 20) : Identifier 'AFBaseArguments' is not a data type in namespace 'AF2Entity' or parent
ERROR: d:/svends prsnl/svencoop/scripts/plugins/afbaseexpansions/af2entity.as (1618, 15) : Identifier 'AFBaseArguments' is not a data type in namespace 'AF2Entity' or parent
ERROR: d:/svends prsnl/svencoop/scripts/plugins/afbaseexpansions/af2entity.as (1663, 12) : Identifier 'AFBaseArguments' is not a data type in namespace 'AF2Entity' or parent
ERROR: d:/svends prsnl/svencoop/scripts/plugins/afbaseexpansions/af2entity.as (1708, 21) : Identifier 'AFBaseArguments' is not a data type in namespace 'AF2Entity' or parent
ERROR: d:/svends prsnl/svencoop/scripts/plugins/afbaseexpansions/af2entity.as (1774, 20) : Identifier 'AFBaseArguments' is not a data type in namespace 'AF2Entity' or parent
ERROR: d:/svends prsnl/svencoop/scripts/plugins/afbaseexpansions/af2entity.as (1839, 16) : Identifier 'AFBaseArguments' is not a data type in namespace 'AF2Entity' or parent
ERROR: d:/svends prsnl/svencoop/scripts/plugins/afbaseexpansions/af2entity.as (1890, 14) : Identifier 'AFBaseArguments' is not a data type in namespace 'AF2Entity' or parent
ERROR: d:/svends prsnl/svencoop/scripts/plugins/afbaseexpansions/af2fun.as (35, 11) : Identifier 'AFBaseArguments' is not a data type in namespace 'AF2Fun' or parent
ERROR: d:/svends prsnl/svencoop/scripts/plugins/afbaseexpansions/af2fun.as (76, 16) : Identifier 'AFBaseArguments' is not a data type in namespace 'AF2Fun' or parent
ERROR: d:/svends prsnl/svencoop/scripts/plugins/afbaseexpansions/af2fun.as (96, 19) : Identifier 'AFBaseArguments' is not a data type in namespace 'AF2Fun' or parent
ERROR: d:/svends prsnl/svencoop/scripts/plugins/afbaseexpansions/af2fun.as (109, 19) : Identifier 'AFBaseArguments' is not a data type in namespace 'AF2Fun' or parent
ERROR: d:/svends prsnl/svencoop/scripts/plugins/afbaseexpansions/af2fun.as (121, 20) : Identifier 'AFBaseArguments' is not a data type in namespace 'AF2Fun' or parent
ERROR: d:/svends prsnl/svencoop/scripts/plugins/afbaseexpansions/af2fun.as (141, 15) : Identifier 'AFBaseArguments' is not a data type in namespace 'AF2Fun' or parent
ERROR: d:/svends prsnl/svencoop/scripts/plugins/afbaseexpansions/af2fun.as (156, 15) : Identifier 'AFBaseArguments' is not a data type in namespace 'AF2Fun' or parent
ERROR: d:/svends prsnl/svencoop/scripts/plugins/afbaseexpansions/af2fun.as (170, 12) : Identifier 'AFBaseArguments' is not a data type in namespace 'AF2Fun' or parent
ERROR: d:/svends prsnl/svencoop/scripts/plugins/afbaseexpansions/af2fun.as (191, 13) : Identifier 'AFBaseArguments' is not a data type in namespace 'AF2Fun' or parent
ERROR: d:/svends prsnl/svencoop/scripts/plugins/afbaseexpansions/af2fun.as (199, 13) : Identifier 'AFBaseArguments' is not a data type in namespace 'AF2Fun' or parent
ERROR: d:/svends prsnl/svencoop/scripts/plugins/afbaseexpansions/af2fun.as (226, 13) : Identifier 'AFBaseArguments' is not a data type in namespace 'AF2Fun' or parent
ERROR: d:/svends prsnl/svencoop/scripts/plugins/afbaseexpansions/af2menu.as (221, 15) : Identifier 'AFBaseArguments' is not a data type in namespace 'AF2Menu' or parent
ERROR: Plugin script compilation failed
1 plugin(s) failed compilation
Server stopped logging Angelscript at: 2023-12-18 22:44:03
Angelscript log opened
Server started logging Angelscript on map 'hl_c06' at: 2023-12-18 23:06:43
ERROR: d:/svends prsnl/svencoop/scripts/plugins/afbaseexpansions/af2player.as (10, 19) : Identifier 'AFBaseClass' is not a data type in global namespace
ERROR: d:/svends prsnl/svencoop/scripts/plugins/afbaseexpansions/af2entity.as (11, 19) : Identifier 'AFBaseClass' is not a data type in global namespace
ERROR: d:/svends prsnl/svencoop/scripts/plugins/afbaseexpansions/af2fun.as (8, 16) : Identifier 'AFBaseClass' is not a data type in global namespace
ERROR: d:/svends prsnl/svencoop/scripts/plugins/afbaseexpansions/af2eki.as (8, 22) : Identifier 'AFBaseClass' is not a data type in global namespace
ERROR: d:/svends prsnl/svencoop/scripts/plugins/afbaseexpansions/af2menu.as (8, 17) : Identifier 'AFBaseClass' is not a data type in global namespace
ERROR: d:/svends prsnl/svencoop/scripts/plugins/afbaseexpansions/af2player.as (167, 16) : Identifier 'AFBaseArguments' is not a data type in namespace 'AF2Player' or parent
ERROR: d:/svends prsnl/svencoop/scripts/plugins/afbaseexpansions/af2player.as (195, 13) : Identifier 'AFBaseArguments' is not a data type in namespace 'AF2Player' or parent
ERROR: d:/svends prsnl/svencoop/scripts/plugins/afbaseexpansions/af2player.as (253, 14) : Identifier 'AFBaseArguments' is not a data type in namespace 'AF2Player' or parent
ERROR: d:/svends prsnl/svencoop/scripts/plugins/afbaseexpansions/af2player.as (260, 17) : Identifier 'AFBaseArguments' is not a data type in namespace 'AF2Player' or parent
ERROR: d:/svends prsnl/svencoop/scripts/plugins/afbaseexpansions/af2player.as (627, 16) : Identifier 'AFBaseArguments' is not a data type in namespace 'AF2Player' or parent
ERROR: d:/svends prsnl/svencoop/scripts/plugins/afbaseexpansions/af2player.as (644, 14) : Identifier 'AFBaseArguments' is not a data type in namespace 'AF2Player' or parent
ERROR: d:/svends prsnl/svencoop/scripts/plugins/afbaseexpansions/af2player.as (668, 14) : Identifier 'AFBaseArguments' is not a data type in namespace 'AF2Player' or parent
ERROR: d:/svends prsnl/svencoop/scripts/plugins/afbaseexpansions/af2player.as (712, 11) : Identifier 'AFBaseArguments' is not a data type in namespace 'AF2Player' or parent
ERROR: d:/svends prsnl/svencoop/scripts/plugins/afbaseexpansions/af2player.as (755, 14) : Identifier 'AFBaseArguments' is not a data type in namespace 'AF2Player' or parent
ERROR: d:/svends prsnl/svencoop/scripts/plugins/afbaseexpansions/af2player.as (798, 15) : Identifier 'AFBaseArguments' is not a data type in namespace 'AF2Player' or parent
ERROR: d:/svends prsnl/svencoop/scripts/plugins/afbaseexpansions/af2player.as (968, 16) : Identifier 'AFBaseArguments' is not a data type in namespace 'AF2Player' or parent
ERROR: d:/svends prsnl/svencoop/scripts/plugins/afbaseexpansions/af2player.as (1093, 16) : Identifier 'AFBaseArguments' is not a data type in namespace 'AF2Player' or parent
ERROR: d:/svends prsnl/svencoop/scripts/plugins/afbaseexpansions/af2player.as (1108, 17) : Identifier 'AFBaseArguments' is not a data type in namespace 'AF2Player' or parent
ERROR: d:/svends prsnl/svencoop/scripts/plugins/afbaseexpansions/af2player.as (1134, 16) : Identifier 'AFBaseArguments' is not a data type in namespace 'AF2Player' or parent
ERROR: d:/svends prsnl/svencoop/scripts/plugins/afbaseexpansions/af2player.as (1148, 18) : Identifier 'AFBaseArguments' is not a data type in namespace 'AF2Player' or parent
ERROR: d:/svends prsnl/svencoop/scripts/plugins/afbaseexpansions/af2player.as (1163, 16) : Identifier 'AFBaseArguments' is not a data type in namespace 'AF2Player' or parent
ERROR: d:/svends prsnl/svencoop/scripts/plugins/afbaseexpansions/af2player.as (1301, 15) : Identifier 'AFBaseArguments' is not a data type in namespace 'AF2Player' or parent
ERROR: d:/svends prsnl/svencoop/scripts/plugins/afbaseexpansions/af2player.as (1385, 12) : Identifier 'AFBaseArguments' is not a data type in namespace 'AF2Player' or parent
ERROR: d:/svends prsnl/svencoop/scripts/plugins/afbaseexpansions/af2player.as (1413, 16) : Identifier 'AFBaseArguments' is not a data type in namespace 'AF2Player' or parent
ERROR: d:/svends prsnl/svencoop/scripts/plugins/afbaseexpansions/af2player.as (1428, 14) : Identifier 'AFBaseArguments' is not a data type in namespace 'AF2Player' or parent
ERROR: d:/svends prsnl/svencoop/scripts/plugins/afbaseexpansions/af2player.as (1489, 19) : Identifier 'AFBaseArguments' is not a data type in namespace 'AF2Player' or parent
ERROR: d:/svends prsnl/svencoop/scripts/plugins/afbaseexpansions/af2player.as (1508, 20) : Identifier 'AFBaseArguments' is not a data type in namespace 'AF2Player' or parent
ERROR: d:/svends prsnl/svencoop/scripts/plugins/afbaseexpansions/af2player.as (1527, 20) : Identifier 'AFBaseArguments' is not a data type in namespace 'AF2Player' or parent
ERROR: d:/svends prsnl/svencoop/scripts/plugins/afbaseexpansions/af2player.as (1547, 19) : Identifier 'AFBaseArguments' is not a data type in namespace 'AF2Player' or parent
ERROR: d:/svends prsnl/svencoop/scripts/plugins/afbaseexpansions/af2player.as (1571, 16) : Identifier 'AFBaseArguments' is not a data type in namespace 'AF2Player' or parent
ERROR: d:/svends prsnl/svencoop/scripts/plugins/afbaseexpansions/af2entity.as (180, 12) : Identifier 'AFBaseArguments' is not a data type in namespace 'AF2Entity' or parent
ERROR: d:/svends prsnl/svencoop/scripts/plugins/afbaseexpansions/af2entity.as (221, 16) : Identifier 'AFBaseArguments' is not a data type in namespace 'AF2Entity' or parent
ERROR: d:/svends prsnl/svencoop/scripts/plugins/afbaseexpansions/af2entity.as (250, 12) : Identifier 'AFBaseArguments' is not a data type in namespace 'AF2Entity' or parent
ERROR: d:/svends prsnl/svencoop/scripts/plugins/afbaseexpansions/af2entity.as (274, 12) : Identifier 'AFBaseArguments' is not a data type in namespace 'AF2Entity' or parent
ERROR: d:/svends prsnl/svencoop/scripts/plugins/afbaseexpansions/af2entity.as (396, 16) : Identifier 'AFBaseArguments' is not a data type in namespace 'AF2Entity' or parent
ERROR: d:/svends prsnl/svencoop/scripts/plugins/afbaseexpansions/af2entity.as (702, 16) : Identifier 'AFBaseArguments' is not a data type in namespace 'AF2Entity' or parent
ERROR: d:/svends prsnl/svencoop/scripts/plugins/afbaseexpansions/af2entity.as (736, 17) : Identifier 'AFBaseArguments' is not a data type in namespace 'AF2Entity' or parent
ERROR: d:/svends prsnl/svencoop/scripts/plugins/afbaseexpansions/af2entity.as (765, 19) : Identifier 'AFBaseArguments' is not a data type in namespace 'AF2Entity' or parent
ERROR: d:/svends prsnl/svencoop/scripts/plugins/afbaseexpansions/af2entity.as (781, 12) : Identifier 'AFBaseArguments' is not a data type in namespace 'AF2Entity' or parent
ERROR: d:/svends prsnl/svencoop/scripts/plugins/afbaseexpansions/af2entity.as (806, 12) : Identifier 'AFBaseArguments' is not a data type in namespace 'AF2Entity' or parent
ERROR: d:/svends prsnl/svencoop/scripts/plugins/afbaseexpansions/af2entity.as (825, 16) : Identifier 'AFBaseArguments' is not a data type in namespace 'AF2Entity' or parent
ERROR: d:/svends prsnl/svencoop/scripts/plugins/afbaseexpansions/af2entity.as (840, 12) : Identifier 'AFBaseArguments' is not a data type in namespace 'AF2Entity' or parent
ERROR: d:/svends prsnl/svencoop/scripts/plugins/afbaseexpansions/af2entity.as (1090, 21) : Identifier 'AFBaseArguments' is not a data type in namespace 'AF2Entity' or parent
ERROR: d:/svends prsnl/svencoop/scripts/plugins/afbaseexpansions/af2entity.as (1214, 20) : Identifier 'AFBaseArguments' is not a data type in namespace 'AF2Entity' or parent
ERROR: d:/svends prsnl/svencoop/scripts/plugins/afbaseexpansions/af2entity.as (1232, 14) : Identifier 'AFBaseArguments' is not a data type in namespace 'AF2Entity' or parent
ERROR: d:/svends prsnl/svencoop/scripts/plugins/afbaseexpansions/af2entity.as (1306, 17) : Identifier 'AFBaseArguments' is not a data type in namespace 'AF2Entity' or parent
ERROR: d:/svends prsnl/svencoop/scripts/plugins/afbaseexpansions/af2entity.as (1372, 22) : Identifier 'AFBaseArguments' is not a data type in namespace 'AF2Entity' or parent
ERROR: d:/svends prsnl/svencoop/scripts/plugins/afbaseexpansions/af2entity.as (1401, 14) : Identifier 'AFBaseArguments' is not a data type in namespace 'AF2Entity' or parent
ERROR: d:/svends prsnl/svencoop/scripts/plugins/afbaseexpansions/af2entity.as (1593, 20) : Identifier 'AFBaseArguments' is not a data type in namespace 'AF2Entity' or parent
ERROR: d:/svends prsnl/svencoop/scripts/plugins/afbaseexpansions/af2entity.as (1618, 15) : Identifier 'AFBaseArguments' is not a data type in namespace 'AF2Entity' or parent
ERROR: d:/svends prsnl/svencoop/scripts/plugins/afbaseexpansions/af2entity.as (1663, 12) : Identifier 'AFBaseArguments' is not a data type in namespace 'AF2Entity' or parent
ERROR: d:/svends prsnl/svencoop/scripts/plugins/afbaseexpansions/af2entity.as (1708, 21) : Identifier 'AFBaseArguments' is not a data type in namespace 'AF2Entity' or parent
ERROR: d:/svends prsnl/svencoop/scripts/plugins/afbaseexpansions/af2entity.as (1774, 20) : Identifier 'AFBaseArguments' is not a data type in namespace 'AF2Entity' or parent
ERROR: d:/svends prsnl/svencoop/scripts/plugins/afbaseexpansions/af2entity.as (1839, 16) : Identifier 'AFBaseArguments' is not a data type in namespace 'AF2Entity' or parent
ERROR: d:/svends prsnl/svencoop/scripts/plugins/afbaseexpansions/af2entity.as (1890, 14) : Identifier 'AFBaseArguments' is not a data type in namespace 'AF2Entity' or parent
ERROR: d:/svends prsnl/svencoop/scripts/plugins/afbaseexpansions/af2fun.as (35, 11) : Identifier 'AFBaseArguments' is not a data type in namespace 'AF2Fun' or parent
ERROR: d:/svends prsnl/svencoop/scripts/plugins/afbaseexpansions/af2fun.as (76, 16) : Identifier 'AFBaseArguments' is not a data type in namespace 'AF2Fun' or parent
ERROR: d:/svends prsnl/svencoop/scripts/plugins/afbaseexpansions/af2fun.as (96, 19) : Identifier 'AFBaseArguments' is not a data type in namespace 'AF2Fun' or parent
ERROR: d:/svends prsnl/svencoop/scripts/plugins/afbaseexpansions/af2fun.as (109, 19) : Identifier 'AFBaseArguments' is not a data type in namespace 'AF2Fun' or parent
ERROR: d:/svends prsnl/svencoop/scripts/plugins/afbaseexpansions/af2fun.as (121, 20) : Identifier 'AFBaseArguments' is not a data type in namespace 'AF2Fun' or parent
ERROR: d:/svends prsnl/svencoop/scripts/plugins/afbaseexpansions/af2fun.as (141, 15) : Identifier 'AFBaseArguments' is not a data type in namespace 'AF2Fun' or parent
ERROR: d:/svends prsnl/svencoop/scripts/plugins/afbaseexpansions/af2fun.as (156, 15) : Identifier 'AFBaseArguments' is not a data type in namespace 'AF2Fun' or parent
ERROR: d:/svends prsnl/svencoop/scripts/plugins/afbaseexpansions/af2fun.as (170, 12) : Identifier 'AFBaseArguments' is not a data type in namespace 'AF2Fun' or parent
ERROR: d:/svends prsnl/svencoop/scripts/plugins/afbaseexpansions/af2fun.as (191, 13) : Identifier 'AFBaseArguments' is not a data type in namespace 'AF2Fun' or parent
ERROR: d:/svends prsnl/svencoop/scripts/plugins/afbaseexpansions/af2fun.as (199, 13) : Identifier 'AFBaseArguments' is not a data type in namespace 'AF2Fun' or parent
ERROR: d:/svends prsnl/svencoop/scripts/plugins/afbaseexpansions/af2fun.as (226, 13) : Identifier 'AFBaseArguments' is not a data type in namespace 'AF2Fun' or parent
ERROR: d:/svends prsnl/svencoop/scripts/plugins/afbaseexpansions/af2menu.as (221, 15) : Identifier 'AFBaseArguments' is not a data type in namespace 'AF2Menu' or parent
ERROR: Plugin script compilation failed
1 plugin(s) failed compilation
Server stopped logging Angelscript at: 2023-12-18 23:06:49
Angelscript log opened
Server started logging Angelscript on map 'op4l_c03' at: 2023-12-18 23:10:10
ERROR: d:/svends prsnl/svencoop/scripts/plugins/afbaseexpansions/af2player.as (10, 19) : Identifier 'AFBaseClass' is not a data type in global namespace
ERROR: d:/svends prsnl/svencoop/scripts/plugins/afbaseexpansions/af2entity.as (11, 19) : Identifier 'AFBaseClass' is not a data type in global namespace
ERROR: d:/svends prsnl/svencoop/scripts/plugins/afbaseexpansions/af2fun.as (8, 16) : Identifier 'AFBaseClass' is not a data type in global namespace
ERROR: d:/svends prsnl/svencoop/scripts/plugins/afbaseexpansions/af2eki.as (8, 22) : Identifier 'AFBaseClass' is not a data type in global namespace
ERROR: d:/svends prsnl/svencoop/scripts/plugins/afbaseexpansions/af2menu.as (8, 17) : Identifier 'AFBaseClass' is not a data type in global namespace
ERROR: d:/svends prsnl/svencoop/scripts/plugins/afbaseexpansions/af2player.as (167, 16) : Identifier 'AFBaseArguments' is not a data type in namespace 'AF2Player' or parent
ERROR: d:/svends prsnl/svencoop/scripts/plugins/afbaseexpansions/af2player.as (195, 13) : Identifier 'AFBaseArguments' is not a data type in namespace 'AF2Player' or parent
ERROR: d:/svends prsnl/svencoop/scripts/plugins/afbaseexpansions/af2player.as (253, 14) : Identifier 'AFBaseArguments' is not a data type in namespace 'AF2Player' or parent
ERROR: d:/svends prsnl/svencoop/scripts/plugins/afbaseexpansions/af2player.as (260, 17) : Identifier 'AFBaseArguments' is not a data type in namespace 'AF2Player' or parent
ERROR: d:/svends prsnl/svencoop/scripts/plugins/afbaseexpansions/af2player.as (627, 16) : Identifier 'AFBaseArguments' is not a data type in namespace 'AF2Player' or parent
ERROR: d:/svends prsnl/svencoop/scripts/plugins/afbaseexpansions/af2player.as (644, 14) : Identifier 'AFBaseArguments' is not a data type in namespace 'AF2Player' or parent
ERROR: d:/svends prsnl/svencoop/scripts/plugins/afbaseexpansions/af2player.as (668, 14) : Identifier 'AFBaseArguments' is not a data type in namespace 'AF2Player' or parent
ERROR: d:/svends prsnl/svencoop/scripts/plugins/afbaseexpansions/af2player.as (712, 11) : Identifier 'AFBaseArguments' is not a data type in namespace 'AF2Player' or parent
ERROR: d:/svends prsnl/svencoop/scripts/plugins/afbaseexpansions/af2player.as (755, 14) : Identifier 'AFBaseArguments' is not a data type in namespace 'AF2Player' or parent
ERROR: d:/svends prsnl/svencoop/scripts/plugins/afbaseexpansions/af2player.as (798, 15) : Identifier 'AFBaseArguments' is not a data type in namespace 'AF2Player' or parent
ERROR: d:/svends prsnl/svencoop/scripts/plugins/afbaseexpansions/af2player.as (968, 16) : Identifier 'AFBaseArguments' is not a data type in namespace 'AF2Player' or parent
ERROR: d:/svends prsnl/svencoop/scripts/plugins/afbaseexpansions/af2player.as (1093, 16) : Identifier 'AFBaseArguments' is not a data type in namespace 'AF2Player' or parent
ERROR: d:/svends prsnl/svencoop/scripts/plugins/afbaseexpansions/af2player.as (1108, 17) : Identifier 'AFBaseArguments' is not a data type in namespace 'AF2Player' or parent
ERROR: d:/svends prsnl/svencoop/scripts/plugins/afbaseexpansions/af2player.as (1134, 16) : Identifier 'AFBaseArguments' is not a data type in namespace 'AF2Player' or parent
ERROR: d:/svends prsnl/svencoop/scripts/plugins/afbaseexpansions/af2player.as (1148, 18) : Identifier 'AFBaseArguments' is not a data type in namespace 'AF2Player' or parent
ERROR: d:/svends prsnl/svencoop/scripts/plugins/afbaseexpansions/af2player.as (1163, 16) : Identifier 'AFBaseArguments' is not a data type in namespace 'AF2Player' or parent
ERROR: d:/svends prsnl/svencoop/scripts/plugins/afbaseexpansions/af2player.as (1301, 15) : Identifier 'AFBaseArguments' is not a data type in namespace 'AF2Player' or parent
ERROR: d:/svends prsnl/svencoop/scripts/plugins/afbaseexpansions/af2player.as (1385, 12) : Identifier 'AFBaseArguments' is not a data type in namespace 'AF2Player' or parent
ERROR: d:/svends prsnl/svencoop/scripts/plugins/afbaseexpansions/af2player.as (1413, 16) : Identifier 'AFBaseArguments' is not a data type in namespace 'AF2Player' or parent
ERROR: d:/svends prsnl/svencoop/scripts/plugins/afbaseexpansions/af2player.as (1428, 14) : Identifier 'AFBaseArguments' is not a data type in namespace 'AF2Player' or parent
ERROR: d:/svends prsnl/svencoop/scripts/plugins/afbaseexpansions/af2player.as (1489, 19) : Identifier 'AFBaseArguments' is not a data type in namespace 'AF2Player' or parent
ERROR: d:/svends prsnl/svencoop/scripts/plugins/afbaseexpansions/af2player.as (1508, 20) : Identifier 'AFBaseArguments' is not a data type in namespace 'AF2Player' or parent
ERROR: d:/svends prsnl/svencoop/scripts/plugins/afbaseexpansions/af2player.as (1527, 20) : Identifier 'AFBaseArguments' is not a data type in namespace 'AF2Player' or parent
ERROR: d:/svends prsnl/svencoop/scripts/plugins/afbaseexpansions/af2player.as (1547, 19) : Identifier 'AFBaseArguments' is not a data type in namespace 'AF2Player' or parent
ERROR: d:/svends prsnl/svencoop/scripts/plugins/afbaseexpansions/af2player.as (1571, 16) : Identifier 'AFBaseArguments' is not a data type in namespace 'AF2Player' or parent
ERROR: d:/svends prsnl/svencoop/scripts/plugins/afbaseexpansions/af2entity.as (180, 12) : Identifier 'AFBaseArguments' is not a data type in namespace 'AF2Entity' or parent
ERROR: d:/svends prsnl/svencoop/scripts/plugins/afbaseexpansions/af2entity.as (221, 16) : Identifier 'AFBaseArguments' is not a data type in namespace 'AF2Entity' or parent
ERROR: d:/svends prsnl/svencoop/scripts/plugins/afbaseexpansions/af2entity.as (250, 12) : Identifier 'AFBaseArguments' is not a data type in namespace 'AF2Entity' or parent
ERROR: d:/svends prsnl/svencoop/scripts/plugins/afbaseexpansions/af2entity.as (274, 12) : Identifier 'AFBaseArguments' is not a data type in namespace 'AF2Entity' or parent
ERROR: d:/svends prsnl/svencoop/scripts/plugins/afbaseexpansions/af2entity.as (396, 16) : Identifier 'AFBaseArguments' is not a data type in namespace 'AF2Entity' or parent
ERROR: d:/svends prsnl/svencoop/scripts/plugins/afbaseexpansions/af2entity.as (702, 16) : Identifier 'AFBaseArguments' is not a data type in namespace 'AF2Entity' or parent
ERROR: d:/svends prsnl/svencoop/scripts/plugins/afbaseexpansions/af2entity.as (736, 17) : Identifier 'AFBaseArguments' is not a data type in namespace 'AF2Entity' or parent
ERROR: d:/svends prsnl/svencoop/scripts/plugins/afbaseexpansions/af2entity.as (765, 19) : Identifier 'AFBaseArguments' is not a data type in namespace 'AF2Entity' or parent
ERROR: d:/svends prsnl/svencoop/scripts/plugins/afbaseexpansions/af2entity.as (781, 12) : Identifier 'AFBaseArguments' is not a data type in namespace 'AF2Entity' or parent
ERROR: d:/svends prsnl/svencoop/scripts/plugins/afbaseexpansions/af2entity.as (806, 12) : Identifier 'AFBaseArguments' is not a data type in namespace 'AF2Entity' or parent
ERROR: d:/svends prsnl/svencoop/scripts/plugins/afbaseexpansions/af2entity.as (825, 16) : Identifier 'AFBaseArguments' is not a data type in namespace 'AF2Entity' or parent
ERROR: d:/svends prsnl/svencoop/scripts/plugins/afbaseexpansions/af2entity.as (840, 12) : Identifier 'AFBaseArguments' is not a data type in namespace 'AF2Entity' or parent
ERROR: d:/svends prsnl/svencoop/scripts/plugins/afbaseexpansions/af2entity.as (1090, 21) : Identifier 'AFBaseArguments' is not a data type in namespace 'AF2Entity' or parent
ERROR: d:/svends prsnl/svencoop/scripts/plugins/afbaseexpansions/af2entity.as (1214, 20) : Identifier 'AFBaseArguments' is not a data type in namespace 'AF2Entity' or parent
ERROR: d:/svends prsnl/svencoop/scripts/plugins/afbaseexpansions/af2entity.as (1232, 14) : Identifier 'AFBaseArguments' is not a data type in namespace 'AF2Entity' or parent
ERROR: d:/svends prsnl/svencoop/scripts/plugins/afbaseexpansions/af2entity.as (1306, 17) : Identifier 'AFBaseArguments' is not a data type in namespace 'AF2Entity' or parent
ERROR: d:/svends prsnl/svencoop/scripts/plugins/afbaseexpansions/af2entity.as (1372, 22) : Identifier 'AFBaseArguments' is not a data type in namespace 'AF2Entity' or parent
ERROR: d:/svends prsnl/svencoop/scripts/plugins/afbaseexpansions/af2entity.as (1401, 14) : Identifier 'AFBaseArguments' is not a data type in namespace 'AF2Entity' or parent
ERROR: d:/svends prsnl/svencoop/scripts/plugins/afbaseexpansions/af2entity.as (1593, 20) : Identifier 'AFBaseArguments' is not a data type in namespace 'AF2Entity' or parent
ERROR: d:/svends prsnl/svencoop/scripts/plugins/afbaseexpansions/af2entity.as (1618, 15) : Identifier 'AFBaseArguments' is not a data type in namespace 'AF2Entity' or parent
ERROR: d:/svends prsnl/svencoop/scripts/plugins/afbaseexpansions/af2entity.as (1663, 12) : Identifier 'AFBaseArguments' is not a data type in namespace 'AF2Entity' or parent
ERROR: d:/svends prsnl/svencoop/scripts/plugins/afbaseexpansions/af2entity.as (1708, 21) : Identifier 'AFBaseArguments' is not a data type in namespace 'AF2Entity' or parent
ERROR: d:/svends prsnl/svencoop/scripts/plugins/afbaseexpansions/af2entity.as (1774, 20) : Identifier 'AFBaseArguments' is not a data type in namespace 'AF2Entity' or parent
ERROR: d:/svends prsnl/svencoop/scripts/plugins/afbaseexpansions/af2entity.as (1839, 16) : Identifier 'AFBaseArguments' is not a data type in namespace 'AF2Entity' or parent
ERROR: d:/svends prsnl/svencoop/scripts/plugins/afbaseexpansions/af2entity.as (1890, 14) : Identifier 'AFBaseArguments' is not a data type in namespace 'AF2Entity' or parent
ERROR: d:/svends prsnl/svencoop/scripts/plugins/afbaseexpansions/af2fun.as (35, 11) : Identifier 'AFBaseArguments' is not a data type in namespace 'AF2Fun' or parent
ERROR: d:/svends prsnl/svencoop/scripts/plugins/afbaseexpansions/af2fun.as (76, 16) : Identifier 'AFBaseArguments' is not a data type in namespace 'AF2Fun' or parent
ERROR: d:/svends prsnl/svencoop/scripts/plugins/afbaseexpansions/af2fun.as (96, 19) : Identifier 'AFBaseArguments' is not a data type in namespace 'AF2Fun' or parent
ERROR: d:/svends prsnl/svencoop/scripts/plugins/afbaseexpansions/af2fun.as (109, 19) : Identifier 'AFBaseArguments' is not a data type in namespace 'AF2Fun' or parent
ERROR: d:/svends prsnl/svencoop/scripts/plugins/afbaseexpansions/af2fun.as (121, 20) : Identifier 'AFBaseArguments' is not a data type in namespace 'AF2Fun' or parent
ERROR: d:/svends prsnl/svencoop/scripts/plugins/afbaseexpansions/af2fun.as (141, 15) : Identifier 'AFBaseArguments' is not a data type in namespace 'AF2Fun' or parent
ERROR: d:/svends prsnl/svencoop/scripts/plugins/afbaseexpansions/af2fun.as (156, 15) : Identifier 'AFBaseArguments' is not a data type in namespace 'AF2Fun' or parent
ERROR: d:/svends prsnl/svencoop/scripts/plugins/afbaseexpansions/af2fun.as (170, 12) : Identifier 'AFBaseArguments' is not a data type in namespace 'AF2Fun' or parent
ERROR: d:/svends prsnl/svencoop/scripts/plugins/afbaseexpansions/af2fun.as (191, 13) : Identifier 'AFBaseArguments' is not a data type in namespace 'AF2Fun' or parent
ERROR: d:/svends prsnl/svencoop/scripts/plugins/afbaseexpansions/af2fun.as (199, 13) : Identifier 'AFBaseArguments' is not a data type in namespace 'AF2Fun' or parent
ERROR: d:/svends prsnl/svencoop/scripts/plugins/afbaseexpansions/af2fun.as (226, 13) : Identifier 'AFBaseArguments' is not a data type in namespace 'AF2Fun' or parent
ERROR: d:/svends prsnl/svencoop/scripts/plugins/afbaseexpansions/af2menu.as (221, 15) : Identifier 'AFBaseArguments' is not a data type in namespace 'AF2Menu' or parent
ERROR: Plugin script compilation failed
1 plugin(s) failed compilation
Server stopped logging Angelscript at: 2023-12-18 23:14:05
